2023-05-03 21:53:23,130] [INFO] file=c:\Projects\HousingSearchSimulator\.venv\Lib\site-packages\pywps\app\Service.py line=288 module=Service function=call Request: execute
2023-05-03 21:53:23,154] [ERROR] file=c:\Projects\HousingSearchSimulator\.venv\Lib\site-packages\pywps\exceptions.py line=48 module=exceptions function=__init__ Exception: code: 500, description: No applicable error code, please check error log., locator: 
Traceback (most recent call last):
  File "c:\Projects\HousingSearchSimulator\.venv\Lib\site-packages\pywps\app\Service.py", line 314, in call
    raise e
  File "c:\Projects\HousingSearchSimulator\.venv\Lib\site-packages\pywps\app\Service.py", line 304, in call
    response = self.execute(
               ^^^^^^^^^^^^^
  File "c:\Projects\HousingSearchSimulator\.venv\Lib\site-packages\pywps\app\Service.py", line 81, in execute
    process = self.prepare_process_for_execution(identifier)
              ^^^^^^^^^^^^^^^^^^^^^^^^^^^^^^^^^^^^^^^^^^^^^^
  File "c:\Projects\HousingSearchSimulator\.venv\Lib\site-packages\pywps\app\Service.py", line 97, in prepare_process_for_execution
    tempdir = tempfile.mkdtemp(prefix='pywps_process_', dir=workdir)
              ^^^^^^^^^^^^^^^^^^^^^^^^^^^^^^^^^^^^^^^^^^^^^^^^^^^^^^
  File "C:\Users\bruno\AppData\Local\Programs\Python\Python311\Lib\tempfile.py", line 368, in mkdtemp
    _os.mkdir(file, 0o700)
FileNotFoundError: [WinError 3] O sistema não conseguiu localizar o caminho especificado: 'C:\\Projects\\HousingSearchSimulator\\workdir\\pywps_process_gduab7mw'
2023-05-03 21:55:32,035] [INFO] file=c:\Projects\HousingSearchSimulator\.venv\Lib\site-packages\pywps\app\Service.py line=288 module=Service function=call Request: execute
2023-05-03 21:55:32,063] [ERROR] file=c:\Projects\HousingSearchSimulator\.venv\Lib\site-packages\pywps\exceptions.py line=48 module=exceptions function=__init__ Exception: code: 500, description: No applicable error code, please check error log., locator: 
Traceback (most recent call last):
  File "c:\Projects\HousingSearchSimulator\.venv\Lib\site-packages\pywps\app\Service.py", line 314, in call
    raise e
  File "c:\Projects\HousingSearchSimulator\.venv\Lib\site-packages\pywps\app\Service.py", line 304, in call
    response = self.execute(
               ^^^^^^^^^^^^^
  File "c:\Projects\HousingSearchSimulator\.venv\Lib\site-packages\pywps\app\Service.py", line 81, in execute
    process = self.prepare_process_for_execution(identifier)
              ^^^^^^^^^^^^^^^^^^^^^^^^^^^^^^^^^^^^^^^^^^^^^^
  File "c:\Projects\HousingSearchSimulator\.venv\Lib\site-packages\pywps\app\Service.py", line 97, in prepare_process_for_execution
    tempdir = tempfile.mkdtemp(prefix='pywps_process_', dir=workdir)
              ^^^^^^^^^^^^^^^^^^^^^^^^^^^^^^^^^^^^^^^^^^^^^^^^^^^^^^
  File "C:\Users\bruno\AppData\Local\Programs\Python\Python311\Lib\tempfile.py", line 368, in mkdtemp
    _os.mkdir(file, 0o700)
FileNotFoundError: [WinError 3] O sistema não conseguiu localizar o caminho especificado: 'C:\\Projects\\HousingSearchSimulator\\workdir\\pywps_process_wuba9uwa'
2023-05-03 21:56:24,966] [INFO] file=c:\Projects\HousingSearchSimulator\.venv\Lib\site-packages\pywps\app\Service.py line=288 module=Service function=call Request: describeprocess
2023-05-03 21:56:28,101] [INFO] file=c:\Projects\HousingSearchSimulator\.venv\Lib\site-packages\pywps\app\Service.py line=288 module=Service function=call Request: execute
2023-05-03 21:56:33,230] [INFO] file=c:\Projects\HousingSearchSimulator\.venv\Lib\site-packages\pywps\app\Process.py line=327 module=Process function=clean Removing temporary working directory: C:\Projects\HousingSearchSimulator\workdir\pywps_process_on0tkjqz
